<?xml version="1.0" encoding="UTF-8"?>
<robot generator="Robot 3.2.2 (Python 3.8.5 on darwin)" generated="20210225 12:20:00.585" rpa="false">
<suite id="s1" name="Robot Compare Snapshot" source="/Users/stienvan/Documents/CSAP/courses/bootcamps/programmability-bootcamp/pyATS-Lab-Guide/tests/exercise2/robot-tests/robot_compare_snapshot.robot">
<test id="s1-t1" name="Connect">
<kw name="use genie testbed &quot;${testbed}&quot;" library="genie.libs.robot.GenieRobot">
<doc>Create the genie testbed</doc>
<msg timestamp="20210225 12:20:01.689" level="INFO">+------------------------------------------------------------------------------+
|                            Genie datafiles used:                             |
+------------------------------------------------------------------------------+</msg>
<msg timestamp="20210225 12:20:01.689" level="INFO">Trigger datafile          | </msg>
<msg timestamp="20210225 12:20:01.689" level="INFO">Verification  datafile    | </msg>
<msg timestamp="20210225 12:20:01.689" level="INFO">Pts datafile              | /Users/stienvan/Documents/CSAP/courses/bootcamps/programmability-bootcamp/pyATS-Lab-Guide/venv2/lib/python3.8/site-packages/genie/libs/sdk/genie_yamls/pts_datafile.yaml</msg>
<msg timestamp="20210225 12:20:01.690" level="INFO">Subsection datafile       | /Users/stienvan/Documents/CSAP/courses/bootcamps/programmability-bootcamp/pyATS-Lab-Guide/venv2/lib/python3.8/site-packages/genie/libs/sdk/genie_yamls/subsection_datafile.yaml</msg>
<msg timestamp="20210225 12:20:01.690" level="INFO">Config datafile           | None</msg>
<msg timestamp="20210225 12:20:01.717" level="WARN">Could not load the trigger datafile correctly, did you specify 'uut' device alias?</msg>
<status status="PASS" starttime="20210225 12:20:01.646" endtime="20210225 12:20:01.718"></status>
</kw>
<kw name="connect to device &quot;internet-rtr01&quot;" library="ats.robot.pyATSRobot">
<doc>Connect to device connection as defined in testbed.yaml</doc>
<msg timestamp="20210225 12:20:01.719" level="INFO">Connecting to device 'Device internet-rtr01, type csr1000v'</msg>
<msg timestamp="20210225 12:20:01.719" level="INFO">kwargs: {}</msg>
<msg timestamp="20210225 12:20:05.868" level="INFO">2021-02-25 12:20:01,720: %UNICON-INFO: +++ internet-rtr01 logfile /tmp/internet-rtr01-cli-20210225T122001720.log +++

2021-02-25 12:20:01,721: %UNICON-INFO: +++ Unicon plugin iosxe/csr1000v +++


2021-02-25 12:20:02,956: %UNICON-INFO: +++ connection to spawn: ssh -l cisco 10.10.20.181, id: 4688270720 +++

2021-02-25 12:20:02,957: %UNICON-INFO: connection to internet-rtr01
cisco@10.10.20.181's password: 



internet-rtr01#

2021-02-25 12:20:03,630: %UNICON-INFO: +++ initializing handle +++

2021-02-25 12:20:03,632: %UNICON-INFO: +++ internet-rtr01 with alias 'cli': executing command 'term length 0' +++
term length 0
internet-rtr01#

2021-02-25 12:20:03,981: %UNICON-INFO: +++ internet-rtr01 with alias 'cli': executing command 'term width 0' +++
term width 0
internet-rtr01#

2021-02-25 12:20:04,313: %UNICON-INFO: +++ internet-rtr01 with alias 'cli': executing command 'show version' +++
show version
Cisco IOS XE Software, Version 16.11.01b
Cisco IOS Software [Gibraltar], Virtual XE Software (X86_64_LINUX_IOSD-UNIVERSALK9-M), Version 16.11.1b, RELEASE SOFTWARE (fc2)
Technical Support: http://www.cisco.com/techsupport
Copyright (c) 1986-2019 by Cisco Systems, Inc.
Compiled Tue 28-May-19 12:45 by mcpre


Cisco IOS-XE software, Copyright (c) 2005-2019 by cisco Systems, Inc.
All rights reserved.  Certain components of Cisco IOS-XE software are
licensed under the GNU General Public License ("GPL") Version 2.0.  The
software code licensed under GPL Version 2.0 is free software that comes
with ABSOLUTELY NO WARRANTY.  You can redistribute and/or modify such
GPL code under the terms of GPL Version 2.0.  For more details, see the
documentation or "License Notice" file accompanying the IOS-XE software,
or the applicable URL provided on the flyer accompanying the IOS-XE
software.


ROM: IOS-XE ROMMON

internet-rtr01 uptime is 2 hours, 19 minutes
Uptime for this control processor is 2 hours, 21 minutes
System returned to ROM by reload
System image file is "bootflash:packages.conf"
Last reload reason: Unknown reason



This product contains cryptographic features and is subject to United
States and local country laws governing import, export, transfer and
use. Delivery of Cisco cryptographic products does not imply
third-party authority to import, export, distribute or use encryption.
Importers, exporters, distributors and users are responsible for
compliance with U.S. and local country laws. By using this product you
agree to comply with applicable laws and regulations. If you are unable
to comply with U.S. and local laws, return this product immediately.

A summary of U.S. laws governing Cisco cryptographic products may be found at:
http://www.cisco.com/wwl/export/crypto/tool/stqrg.html

If you require further assistance please contact us by sending email to
export@cisco.com.

License Level: ax
License Type: N/A(Smart License Enabled)
Next reload license Level: ax


Smart Licensing Status: UNREGISTERED/No Licenses in Use

cisco CSR1000V (VXE) processor (revision VXE) with 2167316K/3075K bytes of memory.
Processor board ID 968RRHYYP73
4 Gigabit Ethernet interfaces
32768K bytes of non-volatile configuration memory.
3984308K bytes of physical memory.
16162815K bytes of virtual hard disk at bootflash:.
0K bytes of WebUI ODM Files at webui:.

Configuration register is 0x2102

internet-rtr01#

2021-02-25 12:20:04,650: %UNICON-INFO: +++ internet-rtr01 with alias 'cli': configure +++
config term
Enter configuration commands, one per line.  End with CNTL/Z.
internet-rtr01(config)#no logging console
internet-rtr01(config)#line console 0
internet-rtr01(config-line)#exec-timeout 0
internet-rtr01(config-line)#end
internet-rtr01#</msg>
<status status="PASS" starttime="20210225 12:20:01.718" endtime="20210225 12:20:05.868"></status>
</kw>
<status status="PASS" starttime="20210225 12:20:01.646" endtime="20210225 12:20:05.869" critical="yes"></status>
</test>
<test id="s1-t2" name="Profile the devices">
<kw name="Profile the system for &quot;config;interface;platform;ospf;arp;routing;vrf;vlan&quot; on devices &quot;internet-rtr01&quot; as &quot;./new_snapshot&quot;" library="genie.libs.robot.GenieRobot">
<doc>Profile system as per the provided features on the devices</doc>
<msg timestamp="20210225 12:20:05.872" level="INFO">Start learning device configuration</msg>
<msg timestamp="20210225 12:20:06.496" level="INFO">Start learning feature interface</msg>
<msg timestamp="20210225 12:20:09.257" level="INFO">Could not learn &lt;class 'genie.libs.parser.iosxe.show_interface.ShowIpv6Interface'&gt;
Parser Output is empty</msg>
<msg timestamp="20210225 12:20:09.257" level="INFO">+====================================================================================================================================================+</msg>
<msg timestamp="20210225 12:20:09.258" level="INFO">| Commands for learning feature 'Interface'                                                                                                          |</msg>
<msg timestamp="20210225 12:20:09.258" level="INFO">+====================================================================================================================================================+</msg>
<msg timestamp="20210225 12:20:09.258" level="INFO">| - Parsed commands                                                                                                                                  |</msg>
<msg timestamp="20210225 12:20:09.258" level="INFO">|----------------------------------------------------------------------------------------------------------------------------------------------------|</msg>
<msg timestamp="20210225 12:20:09.258" level="INFO">|   cmd: &lt;class 'genie.libs.parser.iosxe.show_vrf.ShowVrf'&gt;, arguments: {'vrf':''}                                                                   |</msg>
<msg timestamp="20210225 12:20:09.258" level="INFO">|   cmd: &lt;class 'genie.libs.parser.iosxe.show_interface.ShowInterfaces'&gt;, arguments: {'interface':''}                                                |</msg>
<msg timestamp="20210225 12:20:09.258" level="INFO">|   cmd: &lt;class 'genie.libs.parser.iosxe.show_interface.ShowInterfacesAccounting'&gt;, arguments: {'interface':''}                                      |</msg>
<msg timestamp="20210225 12:20:09.258" level="INFO">|   cmd: &lt;class 'genie.libs.parser.iosxe.show_interface.ShowIpInterface'&gt;, arguments: {'interface':''}                                               |</msg>
<msg timestamp="20210225 12:20:09.258" level="INFO">|====================================================================================================================================================|</msg>
<msg timestamp="20210225 12:20:09.259" level="INFO">| - Commands with empty output                                                                                                                       |</msg>
<msg timestamp="20210225 12:20:09.259" level="INFO">|----------------------------------------------------------------------------------------------------------------------------------------------------|</msg>
<msg timestamp="20210225 12:20:09.259" level="INFO">|   cmd: &lt;class 'genie.libs.parser.iosxe.show_interface.ShowIpv6Interface'&gt;, arguments: {'interface':''}                                             |</msg>
<msg timestamp="20210225 12:20:09.259" level="INFO">|====================================================================================================================================================|</msg>
<msg timestamp="20210225 12:20:09.287" level="INFO">Start learning feature platform</msg>
<msg timestamp="20210225 12:20:20.979" level="INFO">+====================================================================================================================================================+</msg>
<msg timestamp="20210225 12:20:20.979" level="INFO">| Commands for learning feature 'Platform'                                                                                                           |</msg>
<msg timestamp="20210225 12:20:20.979" level="INFO">+====================================================================================================================================================+</msg>
<msg timestamp="20210225 12:20:20.979" level="INFO">| - Parsed commands                                                                                                                                  |</msg>
<msg timestamp="20210225 12:20:20.979" level="INFO">|----------------------------------------------------------------------------------------------------------------------------------------------------|</msg>
<msg timestamp="20210225 12:20:20.979" level="INFO">|   cmd: &lt;class 'genie.libs.parser.iosxe.show_platform.ShowVersion'&gt;                                                                                 |</msg>
<msg timestamp="20210225 12:20:20.979" level="INFO">|   cmd: &lt;class 'genie.libs.parser.iosxe.show_platform.Dir'&gt;                                                                                         |</msg>
<msg timestamp="20210225 12:20:20.980" level="INFO">|   cmd: &lt;class 'genie.libs.parser.iosxe.show_platform.ShowRedundancy'&gt;                                                                              |</msg>
<msg timestamp="20210225 12:20:20.980" level="INFO">|   cmd: &lt;class 'genie.libs.parser.iosxe.show_platform.ShowInventory'&gt;                                                                               |</msg>
<msg timestamp="20210225 12:20:20.980" level="INFO">|   cmd: &lt;class 'genie.libs.parser.iosxe.show_issu.ShowIssuRollbackTimer'&gt;                                                                           |</msg>
<msg timestamp="20210225 12:20:20.980" level="INFO">|   cmd: &lt;class 'genie.libs.parser.iosxe.show_platform.ShowPlatform'&gt;                                                                                |</msg>
<msg timestamp="20210225 12:20:20.980" level="INFO">|   cmd: &lt;class 'genie.libs.parser.iosxe.show_issu.ShowIssuStateDetail'&gt;                                                                             |</msg>
<msg timestamp="20210225 12:20:20.980" level="INFO">|====================================================================================================================================================|</msg>
<msg timestamp="20210225 12:20:20.984" level="INFO">Start learning feature ospf</msg>
<msg timestamp="20210225 12:20:23.749" level="INFO">Could not learn &lt;class 'genie.libs.parser.iosxe.show_ospf.ShowIpOspfMplsLdpInterface'&gt;
Show Command: show ip ospf mpls ldp interface
Parser Output is empty</msg>
<msg timestamp="20210225 12:20:28.057" level="INFO">Could not learn &lt;class 'genie.libs.parser.iosxe.show_ospf.ShowIpOspfVirtualLinks'&gt;
Show Command: show ip ospf virtual-links
Parser Output is empty</msg>
<msg timestamp="20210225 12:20:28.538" level="INFO">Could not learn &lt;class 'genie.libs.parser.iosxe.show_ospf.ShowIpOspfInterface'&gt;
Show Command: show ip ospf interface 
Parser Output is empty</msg>
<msg timestamp="20210225 12:20:29.041" level="INFO">Could not learn &lt;class 'genie.libs.parser.iosxe.show_ospf.ShowIpOspfNeighborDetail'&gt;
Show Command: show ip ospf neighbor detail
Parser Output is empty</msg>
<msg timestamp="20210225 12:20:29.515" level="INFO">Could not learn &lt;class 'genie.libs.parser.iosxe.show_ospf.ShowIpOspfShamLinks'&gt;
Show Command: show ip ospf sham-links
Parser Output is empty</msg>
<msg timestamp="20210225 12:20:29.516" level="INFO">+====================================================================================================================================================+</msg>
<msg timestamp="20210225 12:20:29.516" level="INFO">| Commands for learning feature 'Ospf'                                                                                                               |</msg>
<msg timestamp="20210225 12:20:29.516" level="INFO">+====================================================================================================================================================+</msg>
<msg timestamp="20210225 12:20:29.516" level="INFO">| - Parsed commands                                                                                                                                  |</msg>
<msg timestamp="20210225 12:20:29.516" level="INFO">|----------------------------------------------------------------------------------------------------------------------------------------------------|</msg>
<msg timestamp="20210225 12:20:29.516" level="INFO">|   cmd: &lt;class 'genie.libs.parser.iosxe.show_ospf.ShowIpOspf'&gt;                                                                                      |</msg>
<msg timestamp="20210225 12:20:29.516" level="INFO">|   cmd: &lt;class 'genie.libs.parser.iosxe.show_protocols.ShowIpProtocols'&gt;, arguments: {'vrf':''}                                                     |</msg>
<msg timestamp="20210225 12:20:29.516" level="INFO">|   cmd: &lt;class 'genie.libs.parser.iosxe.show_ospf.ShowIpOspfMplsTrafficEngLink'&gt;                                                                    |</msg>
<msg timestamp="20210225 12:20:29.516" level="INFO">|   cmd: &lt;class 'genie.libs.parser.iosxe.show_ospf.ShowIpOspfDatabaseRouter'&gt;                                                                        |</msg>
<msg timestamp="20210225 12:20:29.516" level="INFO">|   cmd: &lt;class 'genie.libs.parser.iosxe.show_ospf.ShowIpOspfDatabaseNetwork'&gt;                                                                       |</msg>
<msg timestamp="20210225 12:20:29.517" level="INFO">|   cmd: &lt;class 'genie.libs.parser.iosxe.show_ospf.ShowIpOspfDatabaseExternal'&gt;                                                                      |</msg>
<msg timestamp="20210225 12:20:29.517" level="INFO">|   cmd: &lt;class 'genie.libs.parser.iosxe.show_ospf.ShowIpOspfDatabaseSummary'&gt;                                                                       |</msg>
<msg timestamp="20210225 12:20:29.517" level="INFO">|   cmd: &lt;class 'genie.libs.parser.iosxe.show_ospf.ShowIpOspfDatabaseOpaqueArea'&gt;                                                                    |</msg>
<msg timestamp="20210225 12:20:29.517" level="INFO">|====================================================================================================================================================|</msg>
<msg timestamp="20210225 12:20:29.517" level="INFO">| - Commands with empty output                                                                                                                       |</msg>
<msg timestamp="20210225 12:20:29.517" level="INFO">|----------------------------------------------------------------------------------------------------------------------------------------------------|</msg>
<msg timestamp="20210225 12:20:29.518" level="INFO">|   cmd: &lt;class 'genie.libs.parser.iosxe.show_ospf.ShowIpOspfMplsLdpInterface'&gt;, arguments: {'interface':''}                                         |</msg>
<msg timestamp="20210225 12:20:29.518" level="INFO">|   cmd: &lt;class 'genie.libs.parser.iosxe.show_ospf.ShowIpOspfVirtualLinks'&gt;                                                                          |</msg>
<msg timestamp="20210225 12:20:29.518" level="INFO">|   cmd: &lt;class 'genie.libs.parser.iosxe.show_ospf.ShowIpOspfInterface'&gt;, arguments: {'interface':''}                                                |</msg>
<msg timestamp="20210225 12:20:29.518" level="INFO">|   cmd: &lt;class 'genie.libs.parser.iosxe.show_ospf.ShowIpOspfNeighborDetail'&gt;, arguments: {'neighbor':''}                                            |</msg>
<msg timestamp="20210225 12:20:29.518" level="INFO">|   cmd: &lt;class 'genie.libs.parser.iosxe.show_ospf.ShowIpOspfShamLinks'&gt;                                                                             |</msg>
<msg timestamp="20210225 12:20:29.518" level="INFO">|====================================================================================================================================================|</msg>
<msg timestamp="20210225 12:20:29.614" level="INFO">Start learning feature arp</msg>
<msg timestamp="20210225 12:20:32.222" level="INFO">+====================================================================================================================================================+</msg>
<msg timestamp="20210225 12:20:32.222" level="INFO">| Commands for learning feature 'Arp'                                                                                                                |</msg>
<msg timestamp="20210225 12:20:32.222" level="INFO">+====================================================================================================================================================+</msg>
<msg timestamp="20210225 12:20:32.222" level="INFO">| - Parsed commands                                                                                                                                  |</msg>
<msg timestamp="20210225 12:20:32.223" level="INFO">|----------------------------------------------------------------------------------------------------------------------------------------------------|</msg>
<msg timestamp="20210225 12:20:32.223" level="INFO">|   cmd: &lt;class 'genie.libs.parser.iosxe.show_arp.ShowIpArp'&gt;                                                                                        |</msg>
<msg timestamp="20210225 12:20:32.223" level="INFO">|   cmd: &lt;class 'genie.libs.parser.iosxe.show_vrf.ShowVrf'&gt;                                                                                          |</msg>
<msg timestamp="20210225 12:20:32.223" level="INFO">|   cmd: &lt;class 'genie.libs.parser.iosxe.show_arp.ShowIpArp'&gt;, arguments: {'vrf':'Mgmt-intf'}                                                        |</msg>
<msg timestamp="20210225 12:20:32.223" level="INFO">|   cmd: &lt;class 'genie.libs.parser.iosxe.show_interface.ShowIpInterface'&gt;                                                                            |</msg>
<msg timestamp="20210225 12:20:32.223" level="INFO">|   cmd: &lt;class 'genie.libs.parser.iosxe.show_arp.ShowIpArpSummary'&gt;                                                                                 |</msg>
<msg timestamp="20210225 12:20:32.223" level="INFO">|   cmd: &lt;class 'genie.libs.parser.iosxe.show_arp.ShowIpTraffic'&gt;                                                                                    |</msg>
<msg timestamp="20210225 12:20:32.223" level="INFO">|====================================================================================================================================================|</msg>
<msg timestamp="20210225 12:20:32.228" level="INFO">Start learning feature routing</msg>
<msg timestamp="20210225 12:20:32.905" level="INFO">+====================================================================================================================================================+</msg>
<msg timestamp="20210225 12:20:32.905" level="INFO">| Commands for learning feature 'Routing'                                                                                                            |</msg>
<msg timestamp="20210225 12:20:32.905" level="INFO">+====================================================================================================================================================+</msg>
<msg timestamp="20210225 12:20:32.905" level="INFO">| - Parsed commands                                                                                                                                  |</msg>
<msg timestamp="20210225 12:20:32.905" level="INFO">|----------------------------------------------------------------------------------------------------------------------------------------------------|</msg>
<msg timestamp="20210225 12:20:32.905" level="INFO">|   cmd: &lt;class 'genie.libs.parser.iosxe.show_routing.ShowIpRouteDistributor'&gt;                                                                       |</msg>
<msg timestamp="20210225 12:20:32.905" level="INFO">|   cmd: &lt;class 'genie.libs.parser.iosxe.show_routing.ShowIpv6RouteDistributor'&gt;                                                                     |</msg>
<msg timestamp="20210225 12:20:32.906" level="INFO">|====================================================================================================================================================|</msg>
<msg timestamp="20210225 12:20:32.919" level="INFO">Start learning feature vrf</msg>
<msg timestamp="20210225 12:20:33.262" level="INFO">+====================================================================================================================================================+</msg>
<msg timestamp="20210225 12:20:33.262" level="INFO">| Commands for learning feature 'Vrf'                                                                                                                |</msg>
<msg timestamp="20210225 12:20:33.262" level="INFO">+====================================================================================================================================================+</msg>
<msg timestamp="20210225 12:20:33.262" level="INFO">| - Parsed commands                                                                                                                                  |</msg>
<msg timestamp="20210225 12:20:33.262" level="INFO">|----------------------------------------------------------------------------------------------------------------------------------------------------|</msg>
<msg timestamp="20210225 12:20:33.262" level="INFO">|   cmd: &lt;class 'genie.libs.parser.iosxe.show_vrf.ShowVrfDetail'&gt;, arguments: {'vrf':''}                                                             |</msg>
<msg timestamp="20210225 12:20:33.263" level="INFO">|====================================================================================================================================================|</msg>
<msg timestamp="20210225 12:20:33.263" level="INFO">Start learning feature vlan</msg>
<msg timestamp="20210225 12:20:33.577" level="INFO">Could not learn &lt;class 'genie.libs.parser.iosxe.show_vlan.ShowVlan'&gt;
Invalid command has been executed</msg>
<msg timestamp="20210225 12:20:33.578" level="INFO">+====================================================================================================================================================+</msg>
<msg timestamp="20210225 12:20:33.578" level="INFO">| Commands for learning feature 'Vlan'                                                                                                               |</msg>
<msg timestamp="20210225 12:20:33.578" level="INFO">+====================================================================================================================================================+</msg>
<msg timestamp="20210225 12:20:33.578" level="INFO">| - Commands not accepted on the device                                                                                                              |</msg>
<msg timestamp="20210225 12:20:33.578" level="INFO">|----------------------------------------------------------------------------------------------------------------------------------------------------|</msg>
<msg timestamp="20210225 12:20:33.578" level="INFO">|   cmd: &lt;class 'genie.libs.parser.iosxe.show_vlan.ShowVlan'&gt;                                                                                        |</msg>
<msg timestamp="20210225 12:20:33.578" level="INFO">|====================================================================================================================================================|</msg>
<msg timestamp="20210225 12:20:33.712" level="INFO">Saved system profile as file: /Users/stienvan/Documents/CSAP/courses/bootcamps/programmability-bootcamp/pyATS-Lab-Guide/tests/exercise2/robot-tests/./new_snapshot_internet-rtr01_vlan_pts.json</msg>
<msg timestamp="20210225 12:20:33.712" level="INFO">2021-02-25 12:20:05,872: %UNICON-INFO: +++ internet-rtr01 with alias 'cli': executing command 'show running-config' +++
show running-config
Building configuration...

Current configuration : 6852 bytes
!
! Last configuration change at 11:20:05 UTC Thu Feb 25 2021 by cisco
!
version 16.11
service timestamps debug datetime msec
service timestamps log datetime msec
service call-home
platform qfp utilization monitor load 80
no platform punt-keepalive disable-kernel-core
platform console serial
!
hostname internet-rtr01
!
boot-start-marker
boot-end-marker
!
!
vrf definition Mgmt-intf
 !
 address-family ipv4
 exit-address-family
 !
 address-family ipv6
 exit-address-family
!
no logging console
enable password cisco
!
no aaa new-model
call-home
 ! If contact email address in call-home is configured as sch-smart-licensing@cisco.com
 ! the email address configured in Cisco Smart License Portal will be used as contact email address to send SCH notifications.
 contact-email-addr sch-smart-licensing@cisco.com
 profile "CiscoTAC-1"
  active
  destination transport-method http
  no destination transport-method email
!
!
!
!
!
!
!
no ip domain lookup
ip domain name virl.info
!
!
!
login on-success log
!
!
!
!
!
!
!
subscriber templating
! 
! 
! 
! 
!
!
multilink bundle-name authenticated
!
!
!
!
!
!
!
!
!
!
!
!
!
crypto pki trustpoint SLA-TrustPoint
 enrollment pkcs12
 revocation-check crl
!
crypto pki trustpoint TP-self-signed-697722054
 enrollment selfsigned
 subject-name cn=IOS-Self-Signed-Certificate-697722054
 revocation-check none
 rsakeypair TP-self-signed-697722054
!
!
crypto pki certificate chain SLA-TrustPoint
 certificate ca 01
  30820321 30820209 A0030201 02020101 300D0609 2A864886 F70D0101 0B050030 
  32310E30 0C060355 040A1305 43697363 6F312030 1E060355 04031317 43697363 
  6F204C69 63656E73 696E6720 526F6F74 20434130 1E170D31 33303533 30313934 
  3834375A 170D3338 30353330 31393438 34375A30 32310E30 0C060355 040A1305 
  43697363 6F312030 1E060355 04031317 43697363 6F204C69 63656E73 696E6720 
  526F6F74 20434130 82012230 0D06092A 864886F7 0D010101 05000382 010F0030 
  82010A02 82010100 A6BCBD96 131E05F7 145EA72C 2CD686E6 17222EA1 F1EFF64D 
  CBB4C798 212AA147 C655D8D7 9471380D 8711441E 1AAF071A 9CAE6388 8A38E520 
  1C394D78 462EF239 C659F715 B98C0A59 5BBB5CBD 0CFEBEA3 700A8BF7 D8F256EE 
  4AA4E80D DB6FD1C9 60B1FD18 FFC69C96 6FA68957 A2617DE7 104FDC5F EA2956AC 
  7390A3EB 2B5436AD C847A2C5 DAB553EB 69A9A535 58E9F3E3 C0BD23CF 58BD7188 
  68E69491 20F320E7 948E71D7 AE3BCC84 F10684C7 4BC8E00F 539BA42B 42C68BB7 
  C7479096 B4CB2D62 EA2F505D C7B062A4 6811D95B E8250FC4 5D5D5FB8 8F27D191 
  C55F0D76 61F9A4CD 3D992327 A8BB03BD 4E6D7069 7CBADF8B DF5F4368 95135E44 
  DFC7C6CF 04DD7FD1 02030100 01A34230 40300E06 03551D0F 0101FF04 04030201 
  06300F06 03551D13 0101FF04 05300301 01FF301D 0603551D 0E041604 1449DC85 
  4B3D31E5 1B3E6A17 606AF333 3D3B4C73 E8300D06 092A8648 86F70D01 010B0500 
  03820101 00507F24 D3932A66 86025D9F E838AE5C 6D4DF6B0 49631C78 240DA905 
  604EDCDE FF4FED2B 77FC460E CD636FDB DD44681E 3A5673AB 9093D3B1 6C9E3D8B 
  D98987BF E40CBD9E 1AECA0C2 2189BB5C 8FA85686 CD98B646 5575B146 8DFC66A8 
  467A3DF4 4D565700 6ADF0F0D CF835015 3C04FF7C 21E878AC 11BA9CD2 55A9232C 
  7CA7B7E6 C1AF74F6 152E99B7 B1FCF9BB E973DE7F 5BDDEB86 C71E3B49 1765308B 
  5FB0DA06 B92AFE7F 494E8A9E 07B85737 F3A58BE1 1A48A229 C37C1E69 39F08678 
  80DDCD16 D6BACECA EEBC7CF9 8428787B 35202CDC 60E4616A B623CDBD 230E3AFB 
  418616A9 4093E049 4D10AB75 27E86F73 932E35B5 8862FDAE 0275156F 719BB2F0 
  D697DF7F 28
  	quit
crypto pki certificate chain TP-self-signed-697722054
 certificate self-signed 01
  3082032E 30820216 A0030201 02020101 300D0609 2A864886 F70D0101 05050030 
  30312E30 2C060355 04031325 494F532D 53656C66 2D536967 6E65642D 43657274 
  69666963 6174652D 36393737 32323035 34301E17 0D323130 32323530 39303034 
  395A170D 33303031 30313030 30303030 5A303031 2E302C06 03550403 1325494F 
  532D5365 6C662D53 69676E65 642D4365 72746966 69636174 652D3639 37373232 
  30353430 82012230 0D06092A 864886F7 0D010101 05000382 010F0030 82010A02 
  82010100 BF1E45A6 2E5A15F0 94090554 608B7CFF 5BE1394D A19BFF28 5C7B1790 
  8E0503A2 75F2CFB8 389D5E13 6F934679 9C107AEF 0A790BFC 9A965474 A09BF3BE 
  FBF72970 C30C5E4F 2F64E126 0C4A5B6B F24CFA91 BE408B15 B7E0BCEA D83328BC 
  D3BD3142 A3B47269 F104E787 E24B7220 46895017 CB473687 E8B35BC9 93A9E919 
  365130F9 14FBE73C 1D1B1AFC 28F0E7DB 9C2ECCB6 C0246EF1 CBB43F51 02C18571 
  9D453CCE C679A209 AEE96DA0 6CC0AF32 A47F0F3B B15C66B8 125DDE71 F5BD5FEC 
  ABF4C237 C21125CA 782A1C61 51CD349F 1F8057A2 B3BBE4CB 4B2B00C9 6707C875 
  7FA81EA6 713DF539 87E6B795 720BA54D 042ACC61 EB762B32 09FD278C DFAF2387 
  EFA8E4B1 02030100 01A35330 51300F06 03551D13 0101FF04 05300301 01FF301F 
  0603551D 23041830 168014AC 90DF2749 2CBF2B6A F1CC1FB0 E516621B D4808930 
  1D060355 1D0E0416 0414AC90 DF27492C BF2B6AF1 CC1FB0E5 16621BD4 8089300D 
  06092A86 4886F70D 01010505 00038201 0100A544 2755F843 66757467 45EC3DA1 
  644A1EF4 FEA0E999 71D785AC 3BAEC552 18001C3A 194EF661 0A32AF74 BA75BC52 
  E6509A4E 9E5A2B0A 71BCBF20 002D7BC7 2B29F154 1A898224 C90D952C DF3E6F60 
  4BFF58C9 B47E8CBC E2A60A48 8BEB96E8 FD6BF92F 93F9071B 5406582C 423FC051 
  FE21AF85 C9CD9AE2 7FC36FA7 F471E749 D6803F55 1A8D55BD 4F95F691 B3DD4B65 
  6E9EF802 B280CB64 12A346E2 19C61A7C 4684FF76 F5A8BE5F 464E0529 1A29BEEB 
  22C01651 D6816B06 B42DA3E6 DCC1D817 B64CD5A6 19450480 EBCF1DD2 7E358825 
  F0E24C0C 305D15F6 86A957C9 26299DD8 FB307BCF 6E144E6B 72749AFF 381DE0D5 
  1BE2D896 C41879FC 986B0CDB DEB5574B 4888
  	quit
!
license udi pid CSR1000V sn 968RRHYYP73
diagnostic bootup level minimal
!
spanning-tree extend system-id
memory free low-watermark processor 80526
!
!
!
username cisco privilege 15 secret 9 $9$X8t5V6eWdPoRd.$wOxXAiJ8i7jeYcH70M82cMnxDgwX.31ymh9Y18oj3eg
!
redundancy
!
!
!
!
!
!
! 
!
!
!
!
!
!
!
!
!
!
!
!
! 
! 
!
!
interface Loopback0
 description to
 no ip address
 shutdown
!
interface GigabitEthernet1
 description to port1.sandbox-backend
 vrf forwarding Mgmt-intf
 ip address 10.10.20.181 255.255.255.0
 negotiation auto
 no mop enabled
 no mop sysid
!
interface GigabitEthernet2
 description to GigabitEthernet0/0.edge-firewall01
 ip address 172.31.252.1 255.255.255.0
 negotiation auto
 no mop enabled
 no mop sysid
!
interface GigabitEthernet3
 description to enp0s2.internet-host01
 ip address 172.31.0.1 255.255.255.0
 negotiation auto
 no mop enabled
 no mop sysid
!
interface GigabitEthernet4
 description to
 no ip address
 shutdown
 negotiation auto
 no mop enabled
 no mop sysid
!
router ospf 1
 network 1.1.1.0 0.0.0.255 area 0
!
ip forward-protocol nd
no ip http server
ip http secure-server
ip route 0.0.0.0 0.0.0.0 10.10.10.1
ip route 172.16.0.0 255.255.0.0 172.31.252.2
ip route vrf Mgmt-intf 0.0.0.0 0.0.0.0 10.10.20.254
!
ip ssh server algorithm authentication password
!
!
!
!
!
!
!
control-plane
!
!
!
!
!
!
line con 0
 exec-timeout 0 0
 password cisco
 stopbits 1
line vty 0 4
 exec-timeout 720 0
 password cisco
 login local
 transport input telnet ssh
!
!
!
!
!
!
end

internet-rtr01#

2021-02-25 12:20:06,935: %UNICON-INFO: +++ internet-rtr01 with alias 'cli': executing command 'show vrf' +++
show vrf
  Name                             Default RD            Protocols   Interfaces
  Mgmt-intf                        &lt;not set&gt;             ipv4,ipv6   Gi1
internet-rtr01#

2021-02-25 12:20:07,271: %UNICON-INFO: +++ internet-rtr01 with alias 'cli': executing command 'show interfaces' +++
show interfaces
GigabitEthernet1 is up, line protocol is up 
  Hardware is CSR vNIC, address is 5254.0015.6531 (bia 5254.0015.6531)
  Description: to port1.sandbox-backend
  Internet address is 10.10.20.181/24
  MTU 1500 bytes, BW 1000000 Kbit/sec, DLY 10 usec, 
     reliability 255/255, txload 1/255, rxload 1/255
  Encapsulation ARPA, loopback not set
  Keepalive set (10 sec)
  Full Duplex, 1000Mbps, link type is auto, media type is Virtual
  output flow-control is unsupported, input flow-control is unsupported
  ARP type: ARPA, ARP Timeout 04:00:00
  Last input 00:00:00, output 00:00:00, output hang never
  Last clearing of "show interface" counters never
  Input queue: 0/375/0/0 (size/max/drops/flushes); Total output drops: 0
  Queueing strategy: fifo
  Output queue: 0/40 (size/max)
  5 minute input rate 0 bits/sec, 0 packets/sec
  5 minute output rate 0 bits/sec, 0 packets/sec
     8405 packets input, 620458 bytes, 0 no buffer
     Received 0 broadcasts (0 IP multicasts)
     0 runts, 0 giants, 0 throttles 
     0 input errors, 0 CRC, 0 frame, 0 overrun, 0 ignored
     0 watchdog, 0 multicast, 0 pause input
     9996 packets output, 1451964 bytes, 0 underruns
     0 output errors, 0 collisions, 2 interface resets
     287 unknown protocol drops
     0 babbles, 0 late collision, 0 deferred
     0 lost carrier, 0 no carrier, 0 pause output
     0 output buffer failures, 0 output buffers swapped out
GigabitEthernet2 is up, line protocol is up 
  Hardware is CSR vNIC, address is 5254.0017.80fb (bia 5254.0017.80fb)
  Description: to GigabitEthernet0/0.edge-firewall01
  Internet address is 172.31.252.1/24
  MTU 1500 bytes, BW 1000000 Kbit/sec, DLY 10 usec, 
     reliability 255/255, txload 1/255, rxload 1/255
  Encapsulation ARPA, loopback not set
  Keepalive set (10 sec)
  Full Duplex, 1000Mbps, link type is auto, media type is Virtual
  output flow-control is unsupported, input flow-control is unsupported
  ARP type: ARPA, ARP Timeout 04:00:00
  Last input 02:19:17, output 02:19:17, output hang never
  Last clearing of "show interface" counters never
  Input queue: 0/375/0/0 (size/max/drops/flushes); Total output drops: 0
  Queueing strategy: fifo
  Output queue: 0/40 (size/max)
  5 minute input rate 0 bits/sec, 0 packets/sec
  5 minute output rate 0 bits/sec, 0 packets/sec
     1 packets input, 42 bytes, 0 no buffer
     Received 0 broadcasts (0 IP multicasts)
     0 runts, 0 giants, 0 throttles 
     0 input errors, 0 CRC, 0 frame, 0 overrun, 0 ignored
     0 watchdog, 0 multicast, 0 pause input
     2 packets output, 144 bytes, 0 underruns
     0 output errors, 0 collisions, 2 interface resets
     0 unknown protocol drops
     0 babbles, 0 late collision, 0 deferred
     0 lost carrier, 0 no carrier, 0 pause output
     0 output buffer failures, 0 output buffers swapped out
GigabitEthernet3 is up, line protocol is up 
  Hardware is CSR vNIC, address is 5254.0011.b8d7 (bia 5254.0011.b8d7)
  Description: to enp0s2.internet-host01
  Internet address is 172.31.0.1/24
  MTU 1500 bytes, BW 1000000 Kbit/sec, DLY 10 usec, 
     reliability 255/255, txload 1/255, rxload 1/255
  Encapsulation ARPA, loopback not set
  Keepalive set (10 sec)
  Full Duplex, 1000Mbps, link type is auto, media type is Virtual
  output flow-control is unsupported, input flow-control is unsupported
  ARP type: ARPA, ARP Timeout 04:00:00
  Last input never, output 02:19:18, output hang never
  Last clearing of "show interface" counters never
  Input queue: 0/375/0/0 (size/max/drops/flushes); Total output drops: 0
  Queueing strategy: fifo
  Output queue: 0/40 (size/max)
  5 minute input rate 0 bits/sec, 0 packets/sec
  5 minute output rate 0 bits/sec, 0 packets/sec
     143 packets input, 44590 bytes, 0 no buffer
     Received 0 broadcasts (0 IP multicasts)
     0 runts, 0 giants, 0 throttles 
     0 input errors, 0 CRC, 0 frame, 0 overrun, 0 ignored
     0 watchdog, 0 multicast, 0 pause input
     1 packets output, 72 bytes, 0 underruns
     0 output errors, 0 collisions, 2 interface resets
     0 unknown protocol drops
     0 babbles, 0 late collision, 0 deferred
     0 lost carrier, 0 no carrier, 0 pause output
     0 output buffer failures, 0 output buffers swapped out
GigabitEthernet4 is administratively down, line protocol is down 
  Hardware is CSR vNIC, address is 5254.001b.8458 (bia 5254.001b.8458)
  Description: to
  MTU 1500 bytes, BW 1000000 Kbit/sec, DLY 10 usec, 
     reliability 255/255, txload 1/255, rxload 1/255
  Encapsulation ARPA, loopback not set
  Keepalive set (10 sec)
  Full Duplex, 1000Mbps, link type is auto, media type is Virtual
  output flow-control is unsupported, input flow-control is unsupported
  ARP type: ARPA, ARP Timeout 04:00:00
  Last input never, output never, output hang never
  Last clearing of "show interface" counters never
  Input queue: 0/375/0/0 (size/max/drops/flushes); Total output drops: 0
  Queueing strategy: fifo
  Output queue: 0/40 (size/max)
  5 minute input rate 0 bits/sec, 0 packets/sec
  5 minute output rate 0 bits/sec, 0 packets/sec
     0 packets input, 0 bytes, 0 no buffer
     Received 0 broadcasts (0 IP multicasts)
     0 runts, 0 giants, 0 throttles 
     0 input errors, 0 CRC, 0 frame, 0 overrun, 0 ignored
     0 watchdog, 0 multicast, 0 pause input
     0 packets output, 0 bytes, 0 underruns
     0 output errors, 0 collisions, 0 interface resets
     0 unknown protocol drops
     0 babbles, 0 late collision, 0 deferred
     0 lost carrier, 0 no carrier, 0 pause output
     0 output buffer failures, 0 output buffers swapped out
Loopback0 is administratively down, line protocol is down 
  Hardware is Loopback
  Description: to
  MTU 1514 bytes, BW 8000000 Kbit/sec, DLY 5000 usec, 
     reliability 255/255, txload 1/255, rxload 1/255
  Encapsulation LOOPBACK, loopback not set
  Keepalive set (10 sec)
  Last input never, output never, output hang never
  Last clearing of "show interface" counters never
  Input queue: 0/75/0/0 (size/max/drops/flushes); Total output drops: 0
  Queueing strategy: fifo
  Output queue: 0/0 (size/max)
  5 minute input rate 0 bits/sec, 0 packets/sec
  5 minute output rate 0 bits/sec, 0 packets/sec
     0 packets input, 0 bytes, 0 no buffer
     Received 0 broadcasts (0 IP multicasts)
     0 runts, 0 giants, 0 throttles 
     0 input errors, 0 CRC, 0 frame, 0 overrun, 0 ignored, 0 abort
     0 packets output, 0 bytes, 0 underruns
     0 output errors, 0 collisions, 0 interface resets
     0 unknown protocol drops
     0 output buffer failures, 0 output buffers swapped out
internet-rtr01#

2021-02-25 12:20:07,806: %UNICON-INFO: +++ internet-rtr01 with alias 'cli': executing command 'show interfaces accounting' +++
show interfaces accounting
GigabitEthernet1 to port1.sandbox-backend
                Protocol    Pkts In   Chars In   Pkts Out  Chars Out
                   Other        753     143450          6        360
                      IP       7820     534424       9990    1331652
                     ARP        184      10986          6        360
                    IPv6         99       7478          0          0
GigabitEthernet2 to GigabitEthernet0/0.edge-firewall01
                Protocol    Pkts In   Chars In   Pkts Out  Chars Out
                   Other          1         42          2        120
                     ARP          1         42          2        120
GigabitEthernet3 to enp0s2.internet-host01
                Protocol    Pkts In   Chars In   Pkts Out  Chars Out
                   Other          0          0          1         60
                      IP        260      85800          0          0
                     ARP          0          0          1         60
                    IPv6          7        490          0          0
Interface GigabitEthernet4 is disabled

Interface Loopback0 is disabled

internet-rtr01#

2021-02-25 12:20:08,286: %UNICON-INFO: +++ internet-rtr01 with alias 'cli': executing command 'show ip interface' +++
show ip interface
GigabitEthernet1 is up, line protocol is up
  Internet address is 10.10.20.181/24
  Broadcast address is 255.255.255.255
  Address determined by configuration file
  MTU is 1500 bytes
  Helper address is not set
  Directed broadcast forwarding is disabled
  Outgoing Common access list is not set 
  Outgoing access list is not set
  Inbound Common access list is not set 
  Inbound  access list is not set
  Proxy ARP is enabled
  Local Proxy ARP is disabled
  Security level is default
  Split horizon is enabled
  ICMP redirects are always sent
  ICMP unreachables are always sent
  ICMP mask replies are never sent
  IP fast switching is enabled
  IP Flow switching is disabled
  IP CEF switching is enabled
  IP CEF switching turbo vector
  IP Null turbo vector
  VPN Routing/Forwarding "Mgmt-intf"
  Associated unicast routing topologies:
        Topology "base", operation state is UP
  IP multicast fast switching is enabled
  IP multicast distributed fast switching is disabled
  IP route-cache flags are Fast, CEF
  Router Discovery is disabled
  IP output packet accounting is disabled
  IP access violation accounting is disabled
  TCP/IP header compression is disabled
  RTP/IP header compression is disabled
  Probe proxy name replies are disabled
  Policy routing is disabled
  Network address translation is disabled
  BGP Policy Mapping is disabled
  Input features: MCI Check
  IPv4 WCCP Redirect outbound is disabled
  IPv4 WCCP Redirect inbound is disabled
  IPv4 WCCP Redirect exclude is disabled
GigabitEthernet2 is up, line protocol is up
  Internet address is 172.31.252.1/24
  Broadcast address is 255.255.255.255
  Address determined by configuration file
  MTU is 1500 bytes
  Helper address is not set
  Directed broadcast forwarding is disabled
  Outgoing Common access list is not set 
  Outgoing access list is not set
  Inbound Common access list is not set 
  Inbound  access list is not set
  Proxy ARP is enabled
  Local Proxy ARP is disabled
  Security level is default
  Split horizon is enabled
  ICMP redirects are always sent
  ICMP unreachables are always sent
  ICMP mask replies are never sent
  IP fast switching is enabled
  IP Flow switching is disabled
  IP CEF switching is enabled
  IP CEF switching turbo vector
  IP Null turbo vector
  Associated unicast routing topologies:
        Topology "base", operation state is UP
  IP multicast fast switching is enabled
  IP multicast distributed fast switching is disabled
  IP route-cache flags are Fast, CEF
  Router Discovery is disabled
  IP output packet accounting is disabled
  IP access violation accounting is disabled
  TCP/IP header compression is disabled
  RTP/IP header compression is disabled
  Probe proxy name replies are disabled
  Policy routing is disabled
  Network address translation is disabled
  BGP Policy Mapping is disabled
  Input features: MCI Check
  IPv4 WCCP Redirect outbound is disabled
  IPv4 WCCP Redirect inbound is disabled
  IPv4 WCCP Redirect exclude is disabled
GigabitEthernet3 is up, line protocol is up
  Internet address is 172.31.0.1/24
  Broadcast address is 255.255.255.255
  Address determined by configuration file
  MTU is 1500 bytes
  Helper address is not set
  Directed broadcast forwarding is disabled
  Outgoing Common access list is not set 
  Outgoing access list is not set
  Inbound Common access list is not set 
  Inbound  access list is not set
  Proxy ARP is enabled
  Local Proxy ARP is disabled
  Security level is default
  Split horizon is enabled
  ICMP redirects are always sent
  ICMP unreachables are always sent
  ICMP mask replies are never sent
  IP fast switching is enabled
  IP Flow switching is disabled
  IP CEF switching is enabled
  IP CEF switching turbo vector
  IP Null turbo vector
  Associated unicast routing topologies:
        Topology "base", operation state is UP
  IP multicast fast switching is enabled
  IP multicast distributed fast switching is disabled
  IP route-cache flags are Fast, CEF
  Router Discovery is disabled
  IP output packet accounting is disabled
  IP access violation accounting is disabled
  TCP/IP header compression is disabled
  RTP/IP header compression is disabled
  Probe proxy name replies are disabled
  Policy routing is disabled
  Network address translation is disabled
  BGP Policy Mapping is disabled
  Input features: MCI Check
  IPv4 WCCP Redirect outbound is disabled
  IPv4 WCCP Redirect inbound is disabled
  IPv4 WCCP Redirect exclude is disabled
GigabitEthernet4 is administratively down, line protocol is down
  Internet protocol processing disabled
Loopback0 is administratively down, line protocol is down
  Internet protocol processing disabled
internet-rtr01#

2021-02-25 12:20:08,799: %UNICON-INFO: +++ internet-rtr01 with alias 'cli': executing command 'show ipv6 interface' +++
show ipv6 interface
internet-rtr01#

2021-02-25 12:20:09,288: %UNICON-INFO: +++ internet-rtr01 with alias 'cli': executing command 'show version' +++
show version
Cisco IOS XE Software, Version 16.11.01b
Cisco IOS Software [Gibraltar], Virtual XE Software (X86_64_LINUX_IOSD-UNIVERSALK9-M), Version 16.11.1b, RELEASE SOFTWARE (fc2)
Technical Support: http://www.cisco.com/techsupport
Copyright (c) 1986-2019 by Cisco Systems, Inc.
Compiled Tue 28-May-19 12:45 by mcpre


Cisco IOS-XE software, Copyright (c) 2005-2019 by cisco Systems, Inc.
All rights reserved.  Certain components of Cisco IOS-XE software are
licensed under the GNU General Public License ("GPL") Version 2.0.  The
software code licensed under GPL Version 2.0 is free software that comes
with ABSOLUTELY NO WARRANTY.  You can redistribute and/or modify such
GPL code under the terms of GPL Version 2.0.  For more details, see the
documentation or "License Notice" file accompanying the IOS-XE software,
or the applicable URL provided on the flyer accompanying the IOS-XE
software.


ROM: IOS-XE ROMMON

internet-rtr01 uptime is 2 hours, 19 minutes
Uptime for this control processor is 2 hours, 21 minutes
System returned to ROM by reload
System image file is "bootflash:packages.conf"
Last reload reason: Unknown reason



This product contains cryptographic features and is subject to United
States and local country laws governing import, export, transfer and
use. Delivery of Cisco cryptographic products does not imply
third-party authority to import, export, distribute or use encryption.
Importers, exporters, distributors and users are responsible for
compliance with U.S. and local country laws. By using this product you
agree to comply with applicable laws and regulations. If you are unable
to comply with U.S. and local laws, return this product immediately.

A summary of U.S. laws governing Cisco cryptographic products may be found at:
http://www.cisco.com/wwl/export/crypto/tool/stqrg.html

If you require further assistance please contact us by sending email to
export@cisco.com.

License Level: ax
License Type: N/A(Smart License Enabled)
Next reload license Level: ax


Smart Licensing Status: UNREGISTERED/No Licenses in Use

cisco CSR1000V (VXE) processor (revision VXE) with 2167316K/3075K bytes of memory.
Processor board ID 968RRHYYP73
4 Gigabit Ethernet interfaces
32768K bytes of non-volatile configuration memory.
3984308K bytes of physical memory.
16162815K bytes of virtual hard disk at bootflash:.
0K bytes of WebUI ODM Files at webui:.

Configuration register is 0x2102

internet-rtr01#

2021-02-25 12:20:09,651: %UNICON-INFO: +++ internet-rtr01 with alias 'cli': executing command 'dir' +++
dir
Directory of bootflash:/

   11  drwx            16384  Jun 27 2019 14:50:34 +00:00  lost+found
767041  drwx             4096  Feb 25 2021 08:59:39 +00:00  .installer
   12  -rw-        406590492  Jun 27 2019 14:51:23 +00:00  csr1000v-mono-universalk9.16.11.01b.SPA.pkg
   13  -rw-         42784649  Jun 27 2019 14:51:23 +00:00  csr1000v-rpboot.16.11.01b.SPA.pkg
   14  -rw-             1028  Jun 27 2019 14:51:23 +00:00  packages.conf
40801  drwx             4096  Feb 25 2021 08:59:37 +00:00  core
497761  drwx             4096  Feb 25 2021 08:59:31 +00:00  .prst_sync
367201  drwx             4096  Feb 25 2021 08:59:37 +00:00  .rollback_timer
   15  -rw-            20109  Feb 25 2021 08:59:40 +00:00  ios_core.p7b
97921  drwx             4096  Feb 25 2021 09:00:34 +00:00  .dbpersist
220321  drwx             4096  Feb 25 2021 08:59:43 +00:00  virtual-instance
481441  drwx             4096  Feb 25 2021 11:09:48 +00:00  tracelogs
   16  -rw-               30  Feb 25 2021 09:00:22 +00:00  throughput_monitor_params
   17  -rw-             5268  Feb 25 2021 09:00:32 +00:00  cvac.log
840481  drwx             4096  Feb 25 2021 09:00:32 +00:00  license_evlog
   18  -rw-                1  Feb 25 2021 09:00:31 +00:00  .cvac_version
   19  -rw-               16  Feb 25 2021 09:00:31 +00:00  iosxe_config.txt.md5
   20  -rw-              209  Feb 25 2021 09:00:31 +00:00  csrlxc-cfg.log
391681  drwx             4096  Feb 25 2021 09:00:33 +00:00  onep

16420106240 bytes total (15101419520 bytes free)
internet-rtr01#

2021-02-25 12:20:09,973: %UNICON-INFO: +++ internet-rtr01 with alias 'cli': executing command 'show redundancy' +++
show redundancy
Redundant System Information :
------------------------------
       Available system uptime = 2 hours, 19 minutes
Switchovers system experienced = 0
              Standby failures = 0
        Last switchover reason = none

                 Hardware Mode = Simplex
    Configured Redundancy Mode = Non-redundant
     Operating Redundancy Mode = Non-redundant
              Maintenance Mode = Disabled
                Communications = Down      Reason: Failure

Current Processor Information :
-------------------------------
               Active Location = slot 6
        Current Software state = ACTIVE
       Uptime in current state = 2 hours, 19 minutes
                 Image Version = Cisco IOS Software [Gibraltar], Virtual XE Software (X86_64_LINUX_IOSD-UNIVERSALK9-M), Version 16.11.1b, RELEASE SOFTWARE (fc2)
Technical Support: http://www.cisco.com/techsupport
Copyright (c) 1986-2019 by Cisco Systems, Inc.
Compiled Tue 28-May-19 12:45 by mcpre
        Configuration register = 0x2102

Peer (slot: 7) information is not available because it is in 'DISABLED' state

internet-rtr01#

2021-02-25 12:20:10,301: %UNICON-INFO: +++ internet-rtr01 with alias 'cli': executing command 'show inventory' +++
show inventory
NAME: "Chassis", DESCR: "Cisco CSR1000V Chassis"
PID: CSR1000V          , VID: V00  , SN: 968RRHYYP73

NAME: "module R0", DESCR: "Cisco CSR1000V Route Processor"
PID: CSR1000V          , VID: V00  , SN: JAB1303001C

NAME: "module F0", DESCR: "Cisco CSR1000V Embedded Services Processor"
PID: CSR1000V          , VID:      , SN:            


internet-rtr01#

2021-02-25 12:20:10,653: %UNICON-INFO: +++ internet-rtr01 with alias 'cli': executing command 'show issu rollback-timer' +++
show issu rollback-timer
--- Starting local lock acquisition on R0 ---
Finished local lock acquisition on R0

Rollback: inactive, no ISSU operation is in progress

internet-rtr01#

2021-02-25 12:20:15,673: %UNICON-INFO: +++ internet-rtr01 with alias 'cli': executing command 'show platform' +++
show platform
Chassis type: CSR1000V

Slot      Type                State                 Insert time (ago) 
--------- ------------------- --------------------- ----------------- 
R0        CSR1000V            ok, active            02:20:49      
F0        CSR1000V            ok, active            02:20:49      

internet-rtr01#

2021-02-25 12:20:16,029: %UNICON-INFO: +++ internet-rtr01 with alias 'cli': executing command 'show issu state detail' +++
show issu state detail
--- Starting local lock acquisition on R0 ---
Finished local lock acquisition on R0

Current ISSU Status: Disabled       
Previous ISSU Operation: N/A        
=======================================================
System Check                        Status
-------------------------------------------------------
Platform ISSU Support               No
Standby Online                      No
Autoboot Enabled                    Yes
SSO Mode                            No
Install Boot                        Yes
Valid Boot Media                    Yes
=======================================================
No ISSU operation is in progress

internet-rtr01#

2021-02-25 12:20:21,794: %UNICON-INFO: +++ internet-rtr01 with alias 'cli': executing command 'show ip ospf' +++
show ip ospf
 Routing Process "ospf 1" with ID 172.31.252.1
 Start time: 01:20:22.025, Time elapsed: 01:00:59.913
 Supports only single TOS(TOS0) routes
 Supports opaque LSA
 Supports Link-local Signaling (LLS)
 Supports area transit capability
 Supports NSSA (compatible with RFC 3101)
 Supports Database Exchange Summary List Optimization (RFC 5243)
 Event-log enabled, Maximum number of events: 1000, Mode: cyclic
 Router is not originating router-LSAs with maximum metric
 Initial SPF schedule delay 50 msecs
 Minimum hold time between two consecutive SPFs 200 msecs
 Maximum wait time between two consecutive SPFs 5000 msecs
 Incremental-SPF disabled
 Initial LSA throttle delay 50 msecs
 Minimum hold time for LSA throttle 200 msecs
 Maximum wait time for LSA throttle 5000 msecs
 Minimum LSA arrival 100 msecs
 LSA group pacing timer 240 secs
 Interface flood pacing timer 33 msecs
 Retransmission pacing timer 66 msecs
 EXCHANGE/LOADING adjacency limit: initial 300, process maximum 300
 Number of external LSA 0. Checksum Sum 0x000000
 Number of opaque AS LSA 0. Checksum Sum 0x000000
 Number of DCbitless external and opaque AS LSA 0
 Number of DoNotAge external and opaque AS LSA 0
 Number of areas in this router is 1. 1 normal 0 stub 0 nssa
 Number of areas transit capable is 0
 External flood list length 0
 IETF NSF helper support enabled
 Cisco NSF helper support enabled
 Reference bandwidth unit is 100 mbps
    Area BACKBONE(0) (Inactive)
        Number of interfaces in this area is 0
	Area has no authentication
	SPF algorithm last executed never ago
	SPF algorithm executed 0 times
	Area ranges are
	Number of LSA 0. Checksum Sum 0x000000
	Number of opaque link LSA 0. Checksum Sum 0x000000
	Number of DCbitless LSA 0
	Number of indication LSA 0
	Number of DoNotAge LSA 0
	Flood list length 0

internet-rtr01#

2021-02-25 12:20:22,159: %UNICON-INFO: +++ internet-rtr01 with alias 'cli': executing command 'show ip protocols' +++
show ip protocols
*** IP Routing is NSF aware ***

Routing Protocol is "application"
  Sending updates every 0 seconds
  Invalid after 0 seconds, hold down 0, flushed after 0
  Outgoing update filter list for all interfaces is not set
  Incoming update filter list for all interfaces is not set
  Maximum path: 32
  Routing for Networks:
  Routing Information Sources:
    Gateway         Distance      Last Update
  Distance: (default is 4)

Routing Protocol is "ospf 1"
  Outgoing update filter list for all interfaces is not set
  Incoming update filter list for all interfaces is not set
  Router ID 172.31.252.1
  Number of areas in this router is 1. 1 normal 0 stub 0 nssa
  Maximum path: 4
  Routing for Networks:
    1.1.1.0 0.0.0.255 area 0
  Routing Information Sources:
    Gateway         Distance      Last Update
  Distance: (default is 110)

internet-rtr01#

2021-02-25 12:20:22,531: %UNICON-INFO: +++ internet-rtr01 with alias 'cli': executing command 'show running-config | section router ospf 1' +++
show running-config | section router ospf 1
router ospf 1
 network 1.1.1.0 0.0.0.255 area 0
internet-rtr01#

2021-02-25 12:20:23,240: %UNICON-INFO: +++ internet-rtr01 with alias 'cli': executing command 'show ip ospf mpls ldp interface' +++
show ip ospf mpls ldp interface
internet-rtr01#

2021-02-25 12:20:23,749: %UNICON-INFO: +++ internet-rtr01 with alias 'cli': executing command 'show ip ospf mpls traffic-eng link' +++
show ip ospf mpls traffic-eng link

            OSPF Router with ID (172.31.252.1) (Process ID 1)

  Area 0 MPLS TE not initialized
internet-rtr01#

2021-02-25 12:20:24,265: %UNICON-INFO: +++ internet-rtr01 with alias 'cli': executing command 'show running-config | section router ospf 1' +++
show running-config | section router ospf 1
router ospf 1
 network 1.1.1.0 0.0.0.255 area 0
internet-rtr01#

2021-02-25 12:20:25,018: %UNICON-INFO: +++ internet-rtr01 with alias 'cli': executing command 'show ip ospf database router' +++
show ip ospf database router

            OSPF Router with ID (172.31.252.1) (Process ID 1)
internet-rtr01#

2021-02-25 12:20:25,538: %UNICON-INFO: +++ internet-rtr01 with alias 'cli': executing command 'show ip ospf database network' +++
show ip ospf database network

            OSPF Router with ID (172.31.252.1) (Process ID 1)
internet-rtr01#

2021-02-25 12:20:26,072: %UNICON-INFO: +++ internet-rtr01 with alias 'cli': executing command 'show ip ospf database external' +++
show ip ospf database external

            OSPF Router with ID (172.31.252.1) (Process ID 1)
internet-rtr01#

2021-02-25 12:20:26,568: %UNICON-INFO: +++ internet-rtr01 with alias 'cli': executing command 'show ip ospf database summary' +++
show ip ospf database summary

            OSPF Router with ID (172.31.252.1) (Process ID 1)
internet-rtr01#

2021-02-25 12:20:27,068: %UNICON-INFO: +++ internet-rtr01 with alias 'cli': executing command 'show ip ospf database opaque-area' +++
show ip ospf database opaque-area

            OSPF Router with ID (172.31.252.1) (Process ID 1)
internet-rtr01#

2021-02-25 12:20:27,568: %UNICON-INFO: +++ internet-rtr01 with alias 'cli': executing command 'show ip ospf virtual-links' +++
show ip ospf virtual-links
internet-rtr01#

2021-02-25 12:20:28,057: %UNICON-INFO: +++ internet-rtr01 with alias 'cli': executing command 'show ip ospf interface' +++
show ip ospf interface
internet-rtr01#

2021-02-25 12:20:28,538: %UNICON-INFO: +++ internet-rtr01 with alias 'cli': executing command 'show ip ospf neighbor detail' +++
show ip ospf neighbor detail
internet-rtr01#

2021-02-25 12:20:29,041: %UNICON-INFO: +++ internet-rtr01 with alias 'cli': executing command 'show ip ospf sham-links' +++
show ip ospf sham-links
internet-rtr01#

2021-02-25 12:20:29,616: %UNICON-INFO: +++ internet-rtr01 with alias 'cli': executing command 'show ip arp' +++
show ip arp
Protocol  Address          Age (min)  Hardware Addr   Type   Interface
Internet  172.31.0.1              -   5254.0011.b8d7  ARPA   GigabitEthernet3
Internet  172.31.252.1            -   5254.0017.80fb  ARPA   GigabitEthernet2
Internet  172.31.252.2          139   5254.001a.10bb  ARPA   GigabitEthernet2
internet-rtr01#

2021-02-25 12:20:29,932: %UNICON-INFO: +++ internet-rtr01 with alias 'cli': executing command 'show vrf' +++
show vrf
  Name                             Default RD            Protocols   Interfaces
  Mgmt-intf                        &lt;not set&gt;             ipv4,ipv6   Gi1
internet-rtr01#

2021-02-25 12:20:30,247: %UNICON-INFO: +++ internet-rtr01 with alias 'cli': executing command 'show ip arp vrf Mgmt-intf' +++
show ip arp vrf Mgmt-intf
Protocol  Address          Age (min)  Hardware Addr   Type   Interface
Internet  10.10.20.181            -   5254.0015.6531  ARPA   GigabitEthernet1
Internet  10.10.20.254           68   0050.56bf.74e7  ARPA   GigabitEthernet1
internet-rtr01#

2021-02-25 12:20:30,724: %UNICON-INFO: +++ internet-rtr01 with alias 'cli': executing command 'show ip interface' +++
show ip interface
GigabitEthernet1 is up, line protocol is up
  Internet address is 10.10.20.181/24
  Broadcast address is 255.255.255.255
  Address determined by configuration file
  MTU is 1500 bytes
  Helper address is not set
  Directed broadcast forwarding is disabled
  Outgoing Common access list is not set 
  Outgoing access list is not set
  Inbound Common access list is not set 
  Inbound  access list is not set
  Proxy ARP is enabled
  Local Proxy ARP is disabled
  Security level is default
  Split horizon is enabled
  ICMP redirects are always sent
  ICMP unreachables are always sent
  ICMP mask replies are never sent
  IP fast switching is enabled
  IP Flow switching is disabled
  IP CEF switching is enabled
  IP CEF switching turbo vector
  IP Null turbo vector
  VPN Routing/Forwarding "Mgmt-intf"
  Associated unicast routing topologies:
        Topology "base", operation state is UP
  IP multicast fast switching is enabled
  IP multicast distributed fast switching is disabled
  IP route-cache flags are Fast, CEF
  Router Discovery is disabled
  IP output packet accounting is disabled
  IP access violation accounting is disabled
  TCP/IP header compression is disabled
  RTP/IP header compression is disabled
  Probe proxy name replies are disabled
  Policy routing is disabled
  Network address translation is disabled
  BGP Policy Mapping is disabled
  Input features: MCI Check
  IPv4 WCCP Redirect outbound is disabled
  IPv4 WCCP Redirect inbound is disabled
  IPv4 WCCP Redirect exclude is disabled
GigabitEthernet2 is up, line protocol is up
  Internet address is 172.31.252.1/24
  Broadcast address is 255.255.255.255
  Address determined by configuration file
  MTU is 1500 bytes
  Helper address is not set
  Directed broadcast forwarding is disabled
  Outgoing Common access list is not set 
  Outgoing access list is not set
  Inbound Common access list is not set 
  Inbound  access list is not set
  Proxy ARP is enabled
  Local Proxy ARP is disabled
  Security level is default
  Split horizon is enabled
  ICMP redirects are always sent
  ICMP unreachables are always sent
  ICMP mask replies are never sent
  IP fast switching is enabled
  IP Flow switching is disabled
  IP CEF switching is enabled
  IP CEF switching turbo vector
  IP Null turbo vector
  Associated unicast routing topologies:
        Topology "base", operation state is UP
  IP multicast fast switching is enabled
  IP multicast distributed fast switching is disabled
  IP route-cache flags are Fast, CEF
  Router Discovery is disabled
  IP output packet accounting is disabled
  IP access violation accounting is disabled
  TCP/IP header compression is disabled
  RTP/IP header compression is disabled
  Probe proxy name replies are disabled
  Policy routing is disabled
  Network address translation is disabled
  BGP Policy Mapping is disabled
  Input features: MCI Check
  IPv4 WCCP Redirect outbound is disabled
  IPv4 WCCP Redirect inbound is disabled
  IPv4 WCCP Redirect exclude is disabled
GigabitEthernet3 is up, line protocol is up
  Internet address is 172.31.0.1/24
  Broadcast address is 255.255.255.255
  Address determined by configuration file
  MTU is 1500 bytes
  Helper address is not set
  Directed broadcast forwarding is disabled
  Outgoing Common access list is not set 
  Outgoing access list is not set
  Inbound Common access list is not set 
  Inbound  access list is not set
  Proxy ARP is enabled
  Local Proxy ARP is disabled
  Security level is default
  Split horizon is enabled
  ICMP redirects are always sent
  ICMP unreachables are always sent
  ICMP mask replies are never sent
  IP fast switching is enabled
  IP Flow switching is disabled
  IP CEF switching is enabled
  IP CEF switching turbo vector
  IP Null turbo vector
  Associated unicast routing topologies:
        Topology "base", operation state is UP
  IP multicast fast switching is enabled
  IP multicast distributed fast switching is disabled
  IP route-cache flags are Fast, CEF
  Router Discovery is disabled
  IP output packet accounting is disabled
  IP access violation accounting is disabled
  TCP/IP header compression is disabled
  RTP/IP header compression is disabled
  Probe proxy name replies are disabled
  Policy routing is disabled
  Network address translation is disabled
  BGP Policy Mapping is disabled
  Input features: MCI Check
  IPv4 WCCP Redirect outbound is disabled
  IPv4 WCCP Redirect inbound is disabled
  IPv4 WCCP Redirect exclude is disabled
GigabitEthernet4 is administratively down, line protocol is down
  Internet protocol processing disabled
Loopback0 is administratively down, line protocol is down
  Internet protocol processing disabled
internet-rtr01#

2021-02-25 12:20:31,247: %UNICON-INFO: +++ internet-rtr01 with alias 'cli': executing command 'show ip arp summary' +++
show ip arp summary
5 IP ARP entries, with 0 of them incomplete
internet-rtr01#

2021-02-25 12:20:31,718: %UNICON-INFO: +++ internet-rtr01 with alias 'cli': executing command 'show ip traffic' +++
show ip traffic
IP statistics:
  Rcvd:  8664 total, 8637 local destination
         0 format errors, 0 checksum errors, 0 bad hop count
         0 unknown protocol, 0 not a gateway
         0 security failures, 0 bad options, 0 with options
  Opts:  0 end, 0 nop, 0 basic security, 0 loose source route
         0 timestamp, 0 extended security, 0 record route
         0 stream ID, 0 strict source route, 0 alert, 0 cipso, 0 ump
         0 other, 0 ignored
  Frags: 0 reassembled, 0 timeouts, 0 couldn't reassemble
         0 fragmented, 0 fragments, 0 couldn't fragment
         0 invalid hole
  Bcast: 131 received, 0 sent
  Mcast: 0 received, 0 sent
  Sent:  10996 generated, 410 forwarded
  Drop:  0 encapsulation failed, 0 unresolved, 0 no adjacency
         0 no route, 0 unicast RPF, 0 forced drop, 0 unsupported-addr
         0 options denied, 0 source IP address zero

ICMP statistics:
  Rcvd: 0 format errors, 0 checksum errors, 0 redirects, 0 unreachable
        0 echo, 0 echo reply, 0 mask requests, 0 mask replies, 0 quench
        0 parameter, 0 timestamp, 0 timestamp replies, 0 info request, 0 other
        0 irdp solicitations, 0 irdp advertisements
        0 time exceeded, 0 info replies
  Sent: 0 redirects, 0 unreachable, 0 echo, 0 echo reply
        0 mask requests, 0 mask replies, 0 quench, 0 timestamp, 0 timestamp replies
        0 info reply, 0 time exceeded, 0 parameter problem
        0 irdp solicitations, 0 irdp advertisements

UDP statistics:
  Rcvd: 131 total, 0 checksum errors, 131 no port 0 finput
  Sent: 0 total, 0 forwarded broadcasts

OSPF statistics:
  Last clearing of OSPF traffic counters never
  Rcvd: 0 total, 0 checksum errors
  	0 hello, 0 database desc, 0 link state req
  	0 link state updates, 0 link state acks
  Sent: 0 total
  	0 hello, 0 database desc, 0 link state req
  	0 link state updates, 0 link state acks

TCP statistics:
  Rcvd: 8506 total, 0 checksum errors, 0 no port
  Sent: 10996 total

Probe statistics:
  Rcvd: 0 address requests, 0 address replies
        0 proxy name requests, 0 where-is requests, 0 other
  Sent: 0 address requests, 0 address replies (0 proxy)
        0 proxy name replies, 0 where-is replies

EIGRP-IPv4 statistics:
  Rcvd: 0 total
  Sent: 0 total

BGP statistics:
  Rcvd: 0 total, 0 opens, 0 notifications, 0 updates
        0 keepalives, 0 route-refresh, 0 unrecognized
  Sent: 0 total, 0 opens, 0 notifications, 0 updates
        0 keepalives, 0 route-refresh

PIMv2 statistics: Sent/Received
  Total: 0/0, 0 checksum errors, 0 format errors
  Registers: 0/0 (0 non-rp, 0 non-sm-group), Register Stops: 0/0,  Hellos: 0/0
  Join/Prunes: 0/0, Asserts: 0/0, grafts: 0/0
  Bootstraps: 0/0, Candidate_RP_Advertisements: 0/0
  Queue drops: 0
  State-Refresh: 0/0

IGMP statistics: Sent/Received
  Total: 0/0, Format errors: 0/0, Checksum errors: 0/0
  Host Queries: 0/0, Host Reports: 0/0, Host Leaves: 0/0 
  DVMRP: 0/0, PIM: 0/0
  Queue drops: 0
  Report VRF mismatch drops: 0

ARP statistics:
  Rcvd: 168 requests, 7 replies, 5 reverse, 0 other
  Sent: 2 requests, 13 replies (0 proxy), 0 reverse
  Drop due to input queue full: 0
internet-rtr01#

2021-02-25 12:20:32,230: %UNICON-INFO: +++ internet-rtr01 with alias 'cli': executing command 'show ip route' +++
show ip route
Codes: L - local, C - connected, S - static, R - RIP, M - mobile, B - BGP
       D - EIGRP, EX - EIGRP external, O - OSPF, IA - OSPF inter area 
       N1 - OSPF NSSA external type 1, N2 - OSPF NSSA external type 2
       E1 - OSPF external type 1, E2 - OSPF external type 2, m - OMP
       n - NAT, Ni - NAT inside, No - NAT outside, Nd - NAT DIA
       i - IS-IS, su - IS-IS summary, L1 - IS-IS level-1, L2 - IS-IS level-2
       ia - IS-IS inter area, * - candidate default, U - per-user static route
       H - NHRP, G - NHRP registered, g - NHRP registration summary
       o - ODR, P - periodic downloaded static route, l - LISP
       a - application route
       + - replicated route, % - next hop override, p - overrides from PfR

Gateway of last resort is not set

S     172.16.0.0/16 [1/0] via 172.31.252.2
      172.31.0.0/16 is variably subnetted, 4 subnets, 2 masks
C        172.31.0.0/24 is directly connected, GigabitEthernet3
L        172.31.0.1/32 is directly connected, GigabitEthernet3
C        172.31.252.0/24 is directly connected, GigabitEthernet2
L        172.31.252.1/32 is directly connected, GigabitEthernet2
internet-rtr01#

2021-02-25 12:20:32,573: %UNICON-INFO: +++ internet-rtr01 with alias 'cli': executing command 'show ipv6 route' +++
show ipv6 route
IPv6 Routing Table - default - 1 entries
Codes: C - Connected, L - Local, S - Static, U - Per-user Static route
       B - BGP, R - RIP, H - NHRP, I1 - ISIS L1
       I2 - ISIS L2, IA - ISIS interarea, IS - ISIS summary, D - EIGRP
       EX - EIGRP external, RL - RPL, O - OSPF Intra, OI - OSPF Inter
       OE1 - OSPF ext 1, OE2 - OSPF ext 2, ON1 - OSPF NSSA ext 1
       ON2 - OSPF NSSA ext 2, la - LISP alt, lr - LISP site-registrations
       ld - LISP dyn-eid, lA - LISP away, le - LISP extranet-policy
       lp - LISP publications, a - Application, m - OMP
L   FF00::/8 [0/0]
     via Null0, receive
internet-rtr01#

2021-02-25 12:20:32,921: %UNICON-INFO: +++ internet-rtr01 with alias 'cli': executing command 'show vrf detail' +++
show vrf detail
VRF Mgmt-intf (VRF Id = 1); default RD &lt;not set&gt;; default VPNID &lt;not set&gt;
  New CLI format, supports multiple address-families
  Flags: 0x1808
  Interfaces:
    Gi1                     
Address family ipv4 unicast (Table ID = 0x1):
  Flags: 0x0
  No Export VPN route-target communities
  No Import VPN route-target communities
  No import route-map
  No global export route-map
  No export route-map
  VRF label distribution protocol: not configured
  VRF label allocation mode: per-prefix
Address family ipv6 unicast (Table ID = 0x1E000001):
  Flags: 0x0
  No Export VPN route-target communities
  No Import VPN route-target communities
  No import route-map
  No global export route-map
  No export route-map
  VRF label distribution protocol: not configured
  VRF label allocation mode: per-prefix
Address family ipv4 multicast not active
Address family ipv6 multicast not active

internet-rtr01#

2021-02-25 12:20:33,264: %UNICON-INFO: +++ internet-rtr01 with alias 'cli': executing command 'show vlan' +++
show vlan
show vlan
% Incomplete command.

internet-rtr01#</msg>
<status status="PASS" starttime="20210225 12:20:05.871" endtime="20210225 12:20:33.713"></status>
</kw>
<status status="PASS" starttime="20210225 12:20:05.870" endtime="20210225 12:20:33.714" critical="yes"></status>
</test>
<test id="s1-t3" name="Compare snapshots">
<kw name="Compare profile &quot;./good_snapshot&quot; with &quot;./new_snapshot&quot; on devices &quot;internet-rtr01&quot;" library="genie.libs.robot.GenieRobot">
<doc>Compare system profiles taken as snapshots during the run</doc>
<msg timestamp="20210225 12:20:33.725" level="INFO">Comparison between ./good_snapshot and ./new_snapshot is identical
</msg>
<msg timestamp="20210225 12:20:33.726" level="INFO">Comparison between ./good_snapshot and ./new_snapshot is identical
</msg>
<msg timestamp="20210225 12:20:33.727" level="INFO">Comparison between ./good_snapshot and ./new_snapshot is identical
</msg>
<msg timestamp="20210225 12:20:33.727" level="INFO">Comparison between ./good_snapshot and ./new_snapshot is identical
</msg>
<msg timestamp="20210225 12:20:33.728" level="INFO">Comparison between ./good_snapshot and ./new_snapshot is identical
</msg>
<msg timestamp="20210225 12:20:33.728" level="INFO">Comparison between ./good_snapshot and ./new_snapshot is identical
</msg>
<msg timestamp="20210225 12:20:33.732" level="FAIL">
**********
Comparison between ./good_snapshot and ./new_snapshot is different for feature 'config' for device:

'internet-rtr01'
-ip route 0.0.0.0 0.0.0.0 172.31.252.2 

**********
Comparison between ./good_snapshot and ./new_snapshot is different for feature 'routing' for device:

'internet-rtr01'
 info:
  vrf:
   default:
    address_family:
     ipv4:
      routes:
-      0.0.0.0/0: 
-       active: True
-       metric: 0
-       next_hop: 
-        next_hop_list: 
-         1: 
-          index: 1
-          next_hop: 172.31.252.2
-       route: 0.0.0.0/0
-       route_preference: 1
-       source_protocol: static
-       source_protocol_codes: S*</msg>
<status status="FAIL" starttime="20210225 12:20:33.715" endtime="20210225 12:20:33.732"></status>
</kw>
<status status="FAIL" starttime="20210225 12:20:33.714" endtime="20210225 12:20:33.732" critical="yes">
**********
Comparison between ./good_snapshot and ./new_snapshot is different for feature 'config' for device:

'internet-rtr01'
-ip route 0.0.0.0 0.0.0.0 172.31.252.2 

**********
Comparison between ./good_snapshot and ./new_snapshot is different for feature 'routing' for device:

'internet-rtr01'
 info:
  vrf:
   default:
    address_family:
     ipv4:
      routes:
-      0.0.0.0/0: 
-       active: True
-       metric: 0
-       next_hop: 
-        next_hop_list: 
-         1: 
-          index: 1
-          next_hop: 172.31.252.2
-       route: 0.0.0.0/0
-       route_preference: 1
-       source_protocol: static
-       source_protocol_codes: S*</status>
</test>
<status status="FAIL" starttime="20210225 12:20:00.587" endtime="20210225 12:20:33.733"></status>
</suite>
<statistics>
<total>
<stat pass="2" fail="1">Critical Tests</stat>
<stat pass="2" fail="1">All Tests</stat>
</total>
<tag>
</tag>
<suite>
<stat pass="2" fail="1" id="s1" name="Robot Compare Snapshot">Robot Compare Snapshot</stat>
</suite>
</statistics>
<errors>
<msg timestamp="20210225 12:20:01.717" level="WARN">Could not load the trigger datafile correctly, did you specify 'uut' device alias?</msg>
</errors>
</robot>
